Using pre-set license
Built from '2021.3/evg/staging/82bb020e-b03b1330/draft-0' branch; Version is '2021.3.16f1 (4016570cf34f) revision 4200023'; Using compiler version '192829333'; Build Type 'Release'
OS: 'Windows 11  (10.0.22631) 64bit Core' Language: 'en' Physical Memory: 16068 MB
BatchMode: 1, IsHumanControllingUs: 0, StartBugReporterOnCrash: 0, Is64bit: 1, IsPro: 1

COMMAND LINE ARGUMENTS:
C:\Program Files\Unity\Hub\Editor\2021.3.16f1\Editor\Unity.exe
-adb2
-batchMode
-noUpm
-name
AssetImportWorker0
-projectPath
E:/Masters/Spring 2024/VR/VR_Project/Final
-logFile
Logs/AssetImportWorker0.log
-srvPort
56464
Successfully changed project path to: E:/Masters/Spring 2024/VR/VR_Project/Final
E:/Masters/Spring 2024/VR/VR_Project/Final
[UnityMemory] Configuration Parameters - Can be set up in boot.config
    "memorysetup-bucket-allocator-granularity=16"
    "memorysetup-bucket-allocator-bucket-count=8"
    "memorysetup-bucket-allocator-block-size=33554432"
    "memorysetup-bucket-allocator-block-count=8"
    "memorysetup-main-allocator-block-size=16777216"
    "memorysetup-thread-allocator-block-size=16777216"
    "memorysetup-gfx-main-allocator-block-size=16777216"
    "memorysetup-gfx-thread-allocator-block-size=16777216"
    "memorysetup-cache-allocator-block-size=4194304"
    "memorysetup-typetree-allocator-block-size=2097152"
    "memorysetup-profiler-bucket-allocator-granularity=16"
    "memorysetup-profiler-bucket-allocator-bucket-count=8"
    "memorysetup-profiler-bucket-allocator-block-size=33554432"
    "memorysetup-profiler-bucket-allocator-block-count=8"
    "memorysetup-profiler-allocator-block-size=16777216"
    "memorysetup-profiler-editor-allocator-block-size=1048576"
    "memorysetup-temp-allocator-size-main=16777216"
    "memorysetup-job-temp-allocator-block-size=2097152"
    "memorysetup-job-temp-allocator-block-size-background=1048576"
    "memorysetup-job-temp-allocator-reduction-small-platforms=262144"
    "memorysetup-temp-allocator-size-background-worker=32768"
    "memorysetup-temp-allocator-size-job-worker=262144"
    "memorysetup-temp-allocator-size-preload-manager=33554432"
    "memorysetup-temp-allocator-size-nav-mesh-worker=65536"
    "memorysetup-temp-allocator-size-audio-worker=65536"
    "memorysetup-temp-allocator-size-cloud-worker=32768"
    "memorysetup-temp-allocator-size-gi-baking-worker=262144"
    "memorysetup-temp-allocator-size-gfx=262144"
Player connection [26972] Host "[IP] 192.168.56.1 [Port] 0 [Flags] 2 [Guid] 3991737518 [EditorId] 3991737518 [Version] 1048832 [Id] WindowsEditor(7,Alatus) [Debug] 1 [PackageName] WindowsEditor [ProjectName] Editor" joined multi-casting on [225.0.0.222:54997]...

Player connection [26972] Host "[IP] 192.168.56.1 [Port] 0 [Flags] 2 [Guid] 3991737518 [EditorId] 3991737518 [Version] 1048832 [Id] WindowsEditor(7,Alatus) [Debug] 1 [PackageName] WindowsEditor [ProjectName] Editor" joined alternative multi-casting on [225.0.0.222:34997]...

Refreshing native plugins compatible for Editor in 59.68 ms, found 3 plugins.
Preloading 0 native plugins for Editor in 0.00 ms.
Initialize engine version: 2021.3.16f1 (4016570cf34f)
[Subsystems] Discovering subsystems at path C:/Program Files/Unity/Hub/Editor/2021.3.16f1/Editor/Data/Resources/UnitySubsystems
[Subsystems] Discovering subsystems at path E:/Masters/Spring 2024/VR/VR_Project/Final/Assets
GfxDevice: creating device client; threaded=0; jobified=0
Direct3D:
    Version:  Direct3D 11.0 [level 11.1]
    Renderer: NVIDIA GeForce RTX 3060 Laptop GPU (ID=0x2560)
    Vendor:   NVIDIA
    VRAM:     6010 MB
    Driver:   31.0.15.4592
Initialize mono
Mono path[0] = 'C:/Program Files/Unity/Hub/Editor/2021.3.16f1/Editor/Data/Managed'
Mono path[1] = 'C:/Program Files/Unity/Hub/Editor/2021.3.16f1/Editor/Data/MonoBleedingEdge/lib/mono/unityjit-win32'
Mono config path = 'C:/Program Files/Unity/Hub/Editor/2021.3.16f1/Editor/Data/MonoBleedingEdge/etc'
Using monoOptions --debugger-agent=transport=dt_socket,embedding=1,server=y,suspend=n,address=127.0.0.1:56268
Begin MonoManager ReloadAssembly
Registering precompiled unity dll's ...
Register platform support module: C:/Program Files/Unity/Hub/Editor/2021.3.16f1/Editor/Data/PlaybackEngines/AndroidPlayer/UnityEditor.Android.Extensions.dll
Register platform support module: C:/Program Files/Unity/Hub/Editor/2021.3.16f1/Editor/Data/PlaybackEngines/WindowsStandaloneSupport/UnityEditor.WindowsStandalone.Extensions.dll
Registered in 0.004575 seconds.
Native extension for WindowsStandalone target not found
Native extension for Android target not found
Refreshing native plugins compatible for Editor in 63.35 ms, found 3 plugins.
Preloading 0 native plugins for Editor in 0.00 ms.
Mono: successfully reloaded assembly
- Completed reload, in  0.541 seconds
Domain Reload Profiling:
	ReloadAssembly (541ms)
		BeginReloadAssembly (55ms)
			ExecutionOrderSort (0ms)
			DisableScriptedObjects (0ms)
			BackupInstance (0ms)
			ReleaseScriptingObjects (0ms)
			CreateAndSetChildDomain (1ms)
		EndReloadAssembly (395ms)
			LoadAssemblies (54ms)
			RebuildTransferFunctionScriptingTraits (0ms)
			SetupTypeCache (89ms)
			ReleaseScriptCaches (0ms)
			RebuildScriptCaches (22ms)
			SetupLoadedEditorAssemblies (238ms)
				LogAssemblyErrors (0ms)
				InitializePlatformSupportModulesInManaged (50ms)
				SetLoadedEditorAssemblies (0ms)
				RefreshPlugins (63ms)
				BeforeProcessingInitializeOnLoad (1ms)
				ProcessInitializeOnLoadAttributes (83ms)
				ProcessInitializeOnLoadMethodAttributes (39ms)
				AfterProcessingInitializeOnLoad (0ms)
				EditorAssembliesLoaded (0ms)
			ExecutionOrderSort2 (0ms)
			AwakeInstancesAfterBackupRestoration (0ms)
Platform modules already initialized, skipping
Registering precompiled user dll's ...
Registered in 0.003051 seconds.
Begin MonoManager ReloadAssembly
Native extension for WindowsStandalone target not found
Native extension for Android target not found
Refreshing native plugins compatible for Editor in 0.56 ms, found 3 plugins.
Preloading 0 native plugins for Editor in 0.00 ms.
Package Manager log level set to [2]
Mono: successfully reloaded assembly
- Completed reload, in  0.929 seconds
Domain Reload Profiling:
	ReloadAssembly (930ms)
		BeginReloadAssembly (186ms)
			ExecutionOrderSort (0ms)
			DisableScriptedObjects (5ms)
			BackupInstance (0ms)
			ReleaseScriptingObjects (0ms)
			CreateAndSetChildDomain (120ms)
		EndReloadAssembly (655ms)
			LoadAssemblies (59ms)
			RebuildTransferFunctionScriptingTraits (0ms)
			SetupTypeCache (201ms)
			ReleaseScriptCaches (0ms)
			RebuildScriptCaches (43ms)
			SetupLoadedEditorAssemblies (317ms)
				LogAssemblyErrors (0ms)
				InitializePlatformSupportModulesInManaged (11ms)
				SetLoadedEditorAssemblies (0ms)
				RefreshPlugins (1ms)
				BeforeProcessingInitializeOnLoad (66ms)
				ProcessInitializeOnLoadAttributes (214ms)
				ProcessInitializeOnLoadMethodAttributes (20ms)
				AfterProcessingInitializeOnLoad (5ms)
				EditorAssembliesLoaded (0ms)
			ExecutionOrderSort2 (0ms)
			AwakeInstancesAfterBackupRestoration (5ms)
Platform modules already initialized, skipping
========================================================================
Worker process is ready to serve import requests
Launched and connected shader compiler UnityShaderCompiler.exe after 0.04 seconds
Refreshing native plugins compatible for Editor in 0.96 ms, found 3 plugins.
Preloading 0 native plugins for Editor in 0.00 ms.
Unloading 3935 Unused Serialized files (Serialized files now loaded: 0)
Unloading 43 unused Assets / (1.8 MB). Loaded Objects now: 4382.
Memory consumption went from 152.2 MB to 150.4 MB.
Total: 4.763300 ms (FindLiveObjects: 0.335400 ms CreateObjectMapping: 0.268400 ms MarkObjects: 3.636100 ms  DeleteObjects: 0.521700 ms)

AssetImportParameters requested are different than current active one (requested -> active):
  custom:video-decoder-ogg-theora: a1e56fd34408186e4bbccfd4996cb3dc -> 
  custom:container-muxer-webm: aa71ff27fc2769a1b78a27578f13a17b -> 
  custom:container-demuxer-webm: 4f35f7cbe854078d1ac9338744f61a02 -> 
  custom:video-encoder-webm-vp8: eb34c28f22e8b96e1ab97ce403110664 -> 
  custom:video-codec-MediaFoundation-h265: 746d11721c4dcdbdad8f713fa42b33f4 -> 
  custom:audio-encoder-webm-vorbis: bf7c407c2cedff20999df2af8eb42d56 -> 
  custom:framework-win-MediaFoundation: 216162199b28c13a410421893ffa2e32 -> 
  custom:container-demuxer-ogg: 62fdf1f143b41e24485cea50d1cbac27 -> 
  custom:video-decoder-webm-vp8: 9c59270c3fd7afecdb556c50c9e8de78 -> 
  custom:audio-decoder-ogg-vorbis: bf7c407c2cedff20999df2af8eb42d56 -> 
========================================================================
Received Import Request.
  Time since last request: 511545.042368 seconds.
  path: Assets/dart_RED.blend
  artifactKey: Guid(944eed437b1844288a6604dae33b5f35) Importer(815301076,1909f56bfc062723c751e8b465ee728b)
Start importing Assets/dart_RED.blend using Guid(944eed437b1844288a6604dae33b5f35) Importer(815301076,1909f56bfc062723c751e8b465ee728b)  -> (artifact id: 'a71e8dbb48ffba2f0607c18f3baac4d8') in 0.366484 seconds 
========================================================================
Received Import Request.
  Time since last request: 0.000028 seconds.
  path: Assets/Dartboard.blend
  artifactKey: Guid(df3a5c85d3c1c4b6bb6f06f88eea57b3) Importer(815301076,1909f56bfc062723c751e8b465ee728b)
Start importing Assets/Dartboard.blend using Guid(df3a5c85d3c1c4b6bb6f06f88eea57b3) Importer(815301076,1909f56bfc062723c751e8b465ee728b)  -> (artifact id: '05f70ce13053d110c86f5d3f27615753') in 0.048079 seconds 
========================================================================
Received Import Request.
  Time since last request: 213.990733 seconds.
  path: Assets/Scenes
  artifactKey: Guid(55b0ba48c04a7421e9069730a63cb033) Importer(815301076,1909f56bfc062723c751e8b465ee728b)
Start importing Assets/Scenes using Guid(55b0ba48c04a7421e9069730a63cb033) Importer(815301076,1909f56bfc062723c751e8b465ee728b)  -> (artifact id: '28dbde3d8a231c8a4fd929cee2cbdfc8') in 0.011237 seconds 
========================================================================
Received Import Request.
  Time since last request: 0.052976 seconds.
  path: Assets/Scenes/Cube.prefab
  artifactKey: Guid(8574d250fe901f04ba84efdb7e893aa4) Importer(815301076,1909f56bfc062723c751e8b465ee728b)
Start importing Assets/Scenes/Cube.prefab using Guid(8574d250fe901f04ba84efdb7e893aa4) Importer(815301076,1909f56bfc062723c751e8b465ee728b)  -> (artifact id: '1e38a5021f4d48b9ddec5e28d98b115c') in 0.027981 seconds 
========================================================================
Received Import Request.
  Time since last request: 1.677046 seconds.
  path: Assets/Scenes/Project.unity
  artifactKey: Guid(1074ef4aa9a0d47fcb9d1b9ddeec2f9d) Importer(815301076,1909f56bfc062723c751e8b465ee728b)
Start importing Assets/Scenes/Project.unity using Guid(1074ef4aa9a0d47fcb9d1b9ddeec2f9d) Importer(815301076,1909f56bfc062723c751e8b465ee728b)  -> (artifact id: 'bb260d291e7cdb5a6ed8ec80836cad22') in 0.011608 seconds 
========================================================================
Received Import Request.
  Time since last request: 6.882787 seconds.
  path: Assets/Scenes/SampleScene.unity
  artifactKey: Guid(9fc0d4010bbf28b4594072e72b8655ab) Importer(815301076,1909f56bfc062723c751e8b465ee728b)
Start importing Assets/Scenes/SampleScene.unity using Guid(9fc0d4010bbf28b4594072e72b8655ab) Importer(815301076,1909f56bfc062723c751e8b465ee728b)  -> (artifact id: '4f9c08da36841d95d910df4d913bfb34') in 0.013262 seconds 
========================================================================
Received Prepare
Registering precompiled user dll's ...
Registered in 0.002485 seconds.
Begin MonoManager ReloadAssembly
Native extension for WindowsStandalone target not found
Native extension for Android target not found
Refreshing native plugins compatible for Editor in 0.53 ms, found 3 plugins.
Preloading 0 native plugins for Editor in 0.00 ms.
Mono: successfully reloaded assembly
- Completed reload, in  0.782 seconds
Domain Reload Profiling:
	ReloadAssembly (783ms)
		BeginReloadAssembly (100ms)
			ExecutionOrderSort (0ms)
			DisableScriptedObjects (2ms)
			BackupInstance (0ms)
			ReleaseScriptingObjects (0ms)
			CreateAndSetChildDomain (28ms)
		EndReloadAssembly (618ms)
			LoadAssemblies (58ms)
			RebuildTransferFunctionScriptingTraits (0ms)
			SetupTypeCache (191ms)
			ReleaseScriptCaches (1ms)
			RebuildScriptCaches (30ms)
			SetupLoadedEditorAssemblies (300ms)
				LogAssemblyErrors (0ms)
				InitializePlatformSupportModulesInManaged (16ms)
				SetLoadedEditorAssemblies (0ms)
				RefreshPlugins (1ms)
				BeforeProcessingInitializeOnLoad (45ms)
				ProcessInitializeOnLoadAttributes (209ms)
				ProcessInitializeOnLoadMethodAttributes (24ms)
				AfterProcessingInitializeOnLoad (5ms)
				EditorAssembliesLoaded (0ms)
			ExecutionOrderSort2 (0ms)
			AwakeInstancesAfterBackupRestoration (7ms)
Platform modules already initialized, skipping
Refreshing native plugins compatible for Editor in 1.41 ms, found 3 plugins.
Preloading 0 native plugins for Editor in 0.00 ms.
Unloading 3859 Unused Serialized files (Serialized files now loaded: 0)
Unloading 34 unused Assets / (1.8 MB). Loaded Objects now: 4431.
Memory consumption went from 149.9 MB to 148.1 MB.
Total: 2.843900 ms (FindLiveObjects: 0.219000 ms CreateObjectMapping: 0.101900 ms MarkObjects: 2.263700 ms  DeleteObjects: 0.258300 ms)

AssetImportParameters requested are different than current active one (requested -> active):
  custom:video-decoder-ogg-theora: a1e56fd34408186e4bbccfd4996cb3dc -> 
  custom:container-muxer-webm: aa71ff27fc2769a1b78a27578f13a17b -> 
  custom:container-demuxer-webm: 4f35f7cbe854078d1ac9338744f61a02 -> 
  custom:video-encoder-webm-vp8: eb34c28f22e8b96e1ab97ce403110664 -> 
  custom:video-codec-MediaFoundation-h265: 746d11721c4dcdbdad8f713fa42b33f4 -> 
  custom:audio-encoder-webm-vorbis: bf7c407c2cedff20999df2af8eb42d56 -> 
  custom:framework-win-MediaFoundation: 216162199b28c13a410421893ffa2e32 -> 
  custom:container-demuxer-ogg: 62fdf1f143b41e24485cea50d1cbac27 -> 
  custom:video-decoder-webm-vp8: 9c59270c3fd7afecdb556c50c9e8de78 -> 
  custom:audio-decoder-ogg-vorbis: bf7c407c2cedff20999df2af8eb42d56 -> 
========================================================================
Received Import Request.
  Time since last request: 53.238083 seconds.
  path: Assets/Scenes/SampleScene_Profiles
  artifactKey: Guid(6054e7233dbe8462c81a479966385dea) Importer(815301076,1909f56bfc062723c751e8b465ee728b)
Start importing Assets/Scenes/SampleScene_Profiles using Guid(6054e7233dbe8462c81a479966385dea) Importer(815301076,1909f56bfc062723c751e8b465ee728b)  -> (artifact id: '70dee886e3e7fa9d0bbcd1d1270232b4') in 0.015444 seconds 
========================================================================
Received Import Request.
  Time since last request: 0.085415 seconds.
  path: Assets/Scenes/SampleScene_Profiles/Main Camera Profile.asset
  artifactKey: Guid(86541d66cd22a4603a506da75cc0dece) Importer(815301076,1909f56bfc062723c751e8b465ee728b)
Start importing Assets/Scenes/SampleScene_Profiles/Main Camera Profile.asset using Guid(86541d66cd22a4603a506da75cc0dece) Importer(815301076,1909f56bfc062723c751e8b465ee728b)  -> (artifact id: '8123a274c6473260352a2ea0c2a1913a') in 0.024083 seconds 
========================================================================
Received Import Request.
  Time since last request: 2.651989 seconds.
  path: Assets/Scenes/Prefabs
  artifactKey: Guid(966e5215be4144958b4509b090750a10) Importer(815301076,1909f56bfc062723c751e8b465ee728b)
Start importing Assets/Scenes/Prefabs using Guid(966e5215be4144958b4509b090750a10) Importer(815301076,1909f56bfc062723c751e8b465ee728b)  -> (artifact id: '18ca4c2e804d1e12de960774913b4ae5') in 0.015282 seconds 
========================================================================
Received Import Request.
  Time since last request: 0.075777 seconds.
  path: Assets/Scenes/Prefabs/basketball.prefab
  artifactKey: Guid(6c2b5814bae594d4bacd95b660eb45dc) Importer(815301076,1909f56bfc062723c751e8b465ee728b)
Start importing Assets/Scenes/Prefabs/basketball.prefab using Guid(6c2b5814bae594d4bacd95b660eb45dc) Importer(815301076,1909f56bfc062723c751e8b465ee728b)  -> (artifact id: 'fd71389227605a9178182f28683dd769') in 0.022110 seconds 
========================================================================
Received Import Request.
  Time since last request: 0.000015 seconds.
  path: Assets/Scenes/Prefabs/dart_BLUE.prefab
  artifactKey: Guid(4eb40071aaca80b4dab48d1adb3ff6d0) Importer(815301076,1909f56bfc062723c751e8b465ee728b)
Start importing Assets/Scenes/Prefabs/dart_BLUE.prefab using Guid(4eb40071aaca80b4dab48d1adb3ff6d0) Importer(815301076,1909f56bfc062723c751e8b465ee728b)  -> (artifact id: '76fa255175025d646e02566083be544c') in 0.003534 seconds 
========================================================================
Received Import Request.
  Time since last request: 0.000021 seconds.
  path: Assets/Scenes/Prefabs/Table_01.prefab
  artifactKey: Guid(beb2c33674dc9a44689b1761659b5adf) Importer(815301076,1909f56bfc062723c751e8b465ee728b)
Start importing Assets/Scenes/Prefabs/Table_01.prefab using Guid(beb2c33674dc9a44689b1761659b5adf) Importer(815301076,1909f56bfc062723c751e8b465ee728b)  -> (artifact id: '77fcb9220b830dbaf97c4de5be0a396d') in 0.204425 seconds 
========================================================================
Received Import Request.
  Time since last request: 94.069755 seconds.
  path: Assets/Samples
  artifactKey: Guid(d314be764ab1a4a72906063e951e4c4a) Importer(815301076,1909f56bfc062723c751e8b465ee728b)
Start importing Assets/Samples using Guid(d314be764ab1a4a72906063e951e4c4a) Importer(815301076,1909f56bfc062723c751e8b465ee728b)  -> (artifact id: 'c8da83f2567b425dcc79782f1bf3387f') in 0.011848 seconds 
========================================================================
Received Import Request.
  Time since last request: 90.091825 seconds.
  path: Assets/Resources
  artifactKey: Guid(3bb7832ec8f654bd3930fdbba2ec1ae3) Importer(815301076,1909f56bfc062723c751e8b465ee728b)
Start importing Assets/Resources using Guid(3bb7832ec8f654bd3930fdbba2ec1ae3) Importer(815301076,1909f56bfc062723c751e8b465ee728b)  -> (artifact id: 'c1334d1fd5ea7909f7bf7fa64933aa6c') in 0.011912 seconds 
========================================================================
Received Import Request.
  Time since last request: 0.071819 seconds.
  path: Assets/Resources/Avatar3D.blend
  artifactKey: Guid(ddf49f5cb7e853b499544ca2c0509c27) Importer(815301076,1909f56bfc062723c751e8b465ee728b)
Start importing Assets/Resources/Avatar3D.blend using Guid(ddf49f5cb7e853b499544ca2c0509c27) Importer(815301076,1909f56bfc062723c751e8b465ee728b)  -> (artifact id: 'f1d7bbb3c57c8cfc04d60684c8cc632a') in 0.058892 seconds 
========================================================================
Received Import Request.
  Time since last request: 78.103122 seconds.
  path: Assets/Resources/Character.prefab
  artifactKey: Guid(1fbc81e27d53b45aca637308c5f51e49) Importer(815301076,1909f56bfc062723c751e8b465ee728b)
Start importing Assets/Resources/Character.prefab using Guid(1fbc81e27d53b45aca637308c5f51e49) Importer(815301076,1909f56bfc062723c751e8b465ee728b)  -> (artifact id: '0d28a73698b5231950b82ac4e55c80ba') in 0.033978 seconds 
